100
0 0 1 2 3 4 5 7 6 8 9 10 17 11 12 15 16 19 20 18 14 25 13 22 21 30 24 38 32 27 34 23 35 281 31 
1 0 1 2 3 4 6 5 8 7 10 12 9 11 15 17 14 13 25 22 18 16 26 21 24 23 20 19 34 41 54 46 55 61 30 70 
2 0 1 2 3 4 5 6 7 8 9 11 10 14 13 17 12 16 19 15 18 21 24 27 20 28 22 23 33 35 25 34 26 32 37 44 36 
3 0 1 2 3 6 4 5 7 8 14 9 12 15 13 10 21 16 20 11 17 24 31 27 18 25 22 19 41 40 30 73 50 36 29 38 
4 0 1 2 3 5 4 7 6 10 9 14 12 15 13 26 8 17 29 25 16 19 11 24 38 18 36 21 20 28 30 31 50 57 129 
5 0 1 2 3 4 5 6 7 8 9 10 12 11 15 14 16 17 13 18 20 21 25 29 24 23 28 19 22 31 36 34 37 26 27 97 41 
6 0 1 2 3 4 5 6 7 8 9 13 10 12 14 17 16 19 11 20 15 18 21 24 27 22 23 40 29 30 31 25 26 38 35 41 
7 0 1 2 3 4 5 6 7 8 12 9 11 15 10 21 14 13 17 19 16 24 20 18 23 47 35 25 46 28 27 37 22 49 32 26 
8 0 1 2 3 4 6 5 9 8 7 10 11 17 12 16 19 13 24 15 18 29 21 37 23 40 22 14 36 41 42 26 65 25 27 71 
9 0 1 2 3 4 6 5 9 8 7 10 11 20 14 15 19 23 13 12 33 18 25 24 21 17 16 28 35 31 29 52 32 56 26 
10 0 1 2 3 4 5 6 8 7 13 12 17 11 10 9 15 16 14 20 22 18 19 23 25 38 28 27 32 24 26 34 30 31 37 21 29 
11 0 1 2 4 3 5 6 7 8 11 10 13 9 12 15 19 17 14 18 16 21 26 34 20 23 27 55 24 25 28 22 37 41 54 38 48 
12 0 1 2 3 4 5 6 7 9 8 10 12 14 13 16 11 19 18 26 17 22 35 21 32 24 40 23 20 15 29 33 27 50 
13 0 1 2 3 5 4 6 7 8 12 11 9 17 18 15 20 10 19 14 21 33 13 37 49 53 35 50 44 55 23 26 34 16 58 
14 0 1 2 3 4 6 5 8 7 10 9 17 11 15 14 12 19 21 13 20 24 25 18 30 45 38 35 34 46 32 51 74 48 
15 0 1 2 3 4 5 6 7 8 9 11 10 12 15 21 16 19 17 13 20 18 22 26 14 27 25 29 23 42 24 36 38 37 47 
16 0 1 2 3 4 6 5 7 9 8 12 14 10 15 11 21 13 19 24 20 17 16 51 36 35 31 40 170 38 63 25 30 27 22 29 56 
17 0 1 2 3 4 6 5 8 7 10 17 9 11 12 14 16 13 18 15 20 36 34 24 28 21 46 19 25 60 29 22 62 85 23 
18 0 1 2 3 5 6 4 7 9 8 26 14 10 13 16 33 12 17 18 11 42 32 19 23 50 34 35 21 25 22 56 20 
19 0 1 2 3 4 5 7 6 9 8 10 15 11 14 12 17 22 13 16 18 28 21 23 19 20 37 32 47 27 30 31 35 44 33 34 82 
20 0 1 2 3 4 6 5 7 8 11 9 14 12 10 15 13 20 17 16 19 24 35 23 27 33 26 22 21 36 18 49 75 50 
21 0 1 2 3 4 5 6 7 8 9 11 15 12 10 19 13 21 18 16 20 17 14 23 25 33 47 34 39 24 27 26 32 37 
22 0 1 2 3 4 5 6 7 9 8 10 11 12 15 16 13 14 17 18 23 28 20 22 27 24 19 21 26 25 33 37 29 32 47 
23 0 1 2 3 4 5 6 7 8 11 17 10 9 12 15 14 18 13 16 19 35 20 34 21 26 23 22 55 42 57 24 46 25 27 28 41 
24 0 1 2 3 4 5 6 7 9 10 12 8 13 11 14 19 15 16 17 18 22 23 27 21 20 31 28 35 24 32 37 34 26 40 42 
25 0 1 2 3 4 5 6 8 7 9 10 12 14 17 22 20 21 15 18 19 11 13 16 23 50 33 26 40 36 24 35 48 82 38 37 
26 0 1 2 3 4 5 6 7 8 12 15 11 9 10 14 13 25 26 24 17 16 21 19 23 18 20 22 30 27 36 46 39 33 
27 0 1 2 3 4 5 6 8 7 9 10 11 17 12 15 16 13 18 24 29 19 14 20 23 28 34 22 21 37 40 27 36 25 41 31 
28 0 1 2 3 4 5 6 7 10 9 8 14 12 19 15 16 11 13 23 20 17 22 21 29 31 44 18 37 24 28 35 30 27 25 51 43 
29 0 1 2 3 4 5 6 7 8 9 11 10 15 17 12 19 20 18 14 21 16 13 26 35 22 24 57 45 30 38 36 23 41 25 48 56 27 
30 0 1 2 3 4 5 6 7 12 9 10 8 14 19 13 16 15 11 20 17 31 22 21 27 29 36 24 44 26 28 56 35 18 40 23 30 
31 0 1 2 3 4 5 6 7 8 10 9 12 14 15 13 16 11 20 21 17 22 19 31 18 23 24 37 27 26 29 34 28 25 30 36 83 
32 0 1 2 3 4 5 7 6 10 9 8 11 14 12 16 18 13 17 15 21 20 22 19 34 23 25 31 24 28 33 35 27 41 26 60 
33 0 1 3 2 4 5 7 8 9 6 13 10 14 11 12 16 18 20 17 15 19 21 34 28 25 24 22 23 29 46 31 73 35 82 30 
34 0 1 2 3 4 5 6 8 10 7 19 9 14 12 16 24 18 17 15 25 11 34 30 32 27 33 38 13 21 20 29 45 22 35 28 
35 0 1 2 3 5 4 7 8 6 12 11 14 9 17 13 28 10 23 20 19 29 16 25 37 15 52 27 97 55 61 22 137 42 49 39 60 21 
36 0 1 2 3 4 7 5 6 8 9 11 12 15 16 13 10 21 14 25 27 26 24 20 49 35 17 23 18 36 30 39 22 33 
37 0 1 2 3 4 6 5 7 8 10 9 11 12 14 15 16 24 17 19 13 21 30 25 20 26 18 27 41 48 36 32 28 54 38 45 50 
38 0 1 2 3 6 5 4 8 7 14 9 13 12 15 10 21 16 20 24 31 17 27 11 41 22 25 40 30 19 73 18 38 36 50 46 
39 0 1 2 3 5 4 6 9 8 7 10 14 26 13 12 16 18 17 33 34 11 22 32 23 42 50 21 46 25 20 19 35 
40 0 1 2 3 4 5 6 7 9 8 10 13 12 17 15 14 11 19 20 27 21 23 16 29 38 26 22 25 18 45 42 68 24 37 51 
41 0 1 2 3 4 5 6 7 11 8 9 10 14 19 12 13 20 16 17 15 28 18 27 21 26 23 37 52 33 35 31 25 44 50 41 
42 0 1 2 3 4 5 6 7 19 8 9 10 14 20 11 12 17 13 15 18 23 16 30 44 27 21 38 32 35 26 39 29 62 37 22 42 50 
43 0 1 2 3 4 6 5 8 12 10 9 15 11 13 23 7 17 16 14 18 25 19 24 54 22 21 26 55 46 28 70 30 37 20 114 38 111 74 
44 0 1 2 3 5 4 6 7 8 10 12 9 13 15 11 16 17 14 18 22 28 27 19 20 21 56 34 25 32 37 26 24 23 30 29 31 
45 0 1 2 3 4 6 5 7 8 10 9 12 11 15 23 13 14 17 16 18 19 20 21 26 22 29 25 31 24 55 37 30 32 33 
46 0 1 2 3 4 5 6 7 9 8 15 11 19 12 13 10 17 20 14 18 16 38 22 33 29 93 27 21 34 25 28 36 35 31 
47 0 1 2 3 5 4 7 6 9 10 8 12 15 14 13 11 17 19 18 26 20 16 21 24 29 37 25 36 23 22 28 57 33 39 38 27 
48 0 1 2 3 5 6 4 8 7 9 10 15 19 13 17 14 11 12 16 20 24 34 18 25 30 22 33 21 23 48 39 28 35 74 38 
49 0 1 2 3 6 5 4 7 8 9 11 12 13 15 17 14 10 29 28 16 20 19 22 23 27 25 37 55 49 21 32 18 60 42 40 24 
50 0 1 2 3 5 4 6 7 8 10 12 19 15 16 11 13 17 9 24 34 18 28 14 21 27 41 29 25 22 48 26 31 36 20 
51 0 1 2 3 4 5 6 7 11 10 12 8 9 13 14 45 18 21 17 24 35 15 22 28 20 64 16 26 27 117 33 30 41 34 143 
52 0 1 2 3 5 4 6 10 7 13 9 8 29 17 12 18 14 23 15 38 11 20 21 27 25 30 32 34 43 16 22 19 24 26 
53 0 1 2 3 4 6 5 8 9 10 12 7 11 15 13 17 14 21 24 19 20 25 23 18 16 30 26 38 22 48 46 55 54 70 45 74 
54 0 1 2 3 4 5 7 6 9 8 10 19 20 11 15 16 12 14 13 18 17 26 23 22 36 21 27 30 44 29 38 28 34 35 62 37 32 
55 0 1 2 3 4 5 6 7 9 10 8 14 15 12 11 13 16 21 20 18 19 17 23 24 22 26 25 33 29 38 30 37 27 28 35 44 31 
56 0 1 2 3 4 6 5 7 9 8 12 14 10 11 13 19 21 24 15 17 16 35 18 40 22 20 27 25 23 32 44 30 38 45 46 36 
57 0 1 2 3 5 4 7 6 9 8 11 19 10 15 12 14 20 17 16 26 18 13 21 28 36 27 24 25 37 38 33 31 44 30 34 
58 0 1 2 3 5 4 6 8 7 10 9 18 11 17 12 20 32 15 19 14 35 38 22 24 30 33 25 21 45 13 16 29 58 43 
59 0 1 2 4 3 5 6 10 7 11 9 13 19 8 16 12 42 15 27 39 18 35 26 52 14 56 125 28 22 31 17 21 55 65 80 34 23 
60 0 1 2 3 4 5 6 7 8 9 10 14 11 23 19 13 20 15 28 12 17 16 18 25 29 22 52 27 24 21 37 32 33 53 26 
61 0 1 2 4 3 5 6 7 9 8 11 10 19 12 20 16 13 14 17 21 18 26 15 27 24 28 41 37 25 30 23 40 44 31 52 42 54 
62 0 1 2 3 4 5 8 6 7 9 12 14 11 10 16 13 15 17 22 19 27 21 26 45 24 20 31 28 25 69 23 43 35 68 29 54 
63 0 1 2 3 5 4 6 8 7 14 15 9 10 12 24 13 21 11 16 20 27 31 25 30 17 19 22 18 38 50 41 34 23 26 42 
64 0 1 2 4 3 6 8 5 12 11 10 7 9 15 13 17 25 26 14 22 16 23 21 24 46 18 54 55 27 30 33 19 70 114 20 61 
65 0 1 2 3 4 5 6 7 10 8 15 9 14 19 11 12 17 16 20 25 18 21 24 26 13 36 38 29 30 22 28 31 39 32 
66 0 1 2 3 5 4 7 6 8 9 11 12 13 14 16 15 18 17 20 21 19 10 24 49 32 29 37 58 35 23 33 26 46 
67 0 1 2 3 4 5 7 6 10 9 8 11 16 15 13 12 14 17 19 18 24 26 21 22 20 27 29 37 36 28 25 31 23 38 35 33 65 
68 0 1 2 3 4 6 5 7 12 8 10 11 9 15 14 13 17 23 16 26 21 29 18 22 19 24 25 55 20 54 27 41 35 31 46 57 
69 0 1 2 3 4 6 7 5 8 9 12 16 13 14 11 18 20 10 25 28 17 15 43 24 26 32 19 30 22 29 69 68 34 
70 0 1 2 3 4 5 6 7 8 11 9 14 19 10 17 13 20 15 18 23 12 16 26 28 21 35 31 41 27 56 25 33 24 52 43 
71 0 1 2 3 5 4 6 7 8 15 9 13 10 20 12 11 16 17 14 21 22 18 36 26 19 27 40 34 38 24 41 29 31 30 
72 0 1 2 4 3 6 5 8 12 10 11 9 7 15 13 17 14 23 26 21 25 24 16 54 55 20 19 18 22 46 70 30 72 41 114 34 
73 0 1 2 3 4 5 9 8 6 7 10 11 17 12 15 13 16 23 14 24 20 18 28 22 36 31 38 32 21 33 57 35 39 19 29 
74 0 1 2 3 4 5 6 9 7 14 10 8 12 15 16 13 11 21 19 22 24 29 23 17 28 18 27 54 31 36 170 35 25 39 20 
75 0 1 2 3 4 5 7 6 8 14 15 10 12 9 13 16 11 24 20 21 17 26 31 25 19 36 22 18 27 28 50 30 38 57 23 29 37 
76 0 1 2 3 4 5 6 7 10 9 8 13 12 16 14 11 22 24 18 34 17 39 20 19 15 23 30 26 32 27 28 47 50 35 21 
77 0 1 2 4 3 6 7 5 12 11 9 20 14 18 17 10 15 21 33 26 31 76 16 13 60 8 19 25 22 58 59 28 75 
78 0 1 2 3 4 5 6 7 8 9 10 12 17 11 13 14 18 19 24 21 16 15 29 20 23 35 34 32 33 25 40 46 
79 0 1 2 3 4 5 6 7 8 11 10 13 9 15 14 12 23 19 17 21 25 28 16 18 20 35 27 24 51 30 50 34 26 37 87 44 
80 0 1 2 3 4 5 7 8 6 10 11 9 12 14 13 17 31 20 28 19 18 15 16 21 23 34 26 27 37 25 24 22 50 30 52 41 
81 0 1 2 3 4 6 7 5 9 8 10 12 11 13 14 16 15 21 22 19 17 23 20 18 27 25 31 26 37 29 45 33 32 24 83 
82 0 1 2 3 4 6 5 7 9 8 12 14 13 10 16 11 15 21 20 17 22 24 19 26 27 36 25 29 32 30 28 41 23 54 40 18 
83 0 1 2 3 4 5 7 6 11 9 8 15 12 10 19 14 13 21 18 17 20 25 26 16 28 24 39 27 31 33 38 36 41 29 
84 0 1 2 3 4 5 6 7 8 10 12 9 14 15 16 11 13 24 18 19 20 21 22 17 31 32 28 26 27 34 23 29 25 36 
85 0 1 2 3 4 6 5 9 8 7 20 19 14 10 13 23 15 25 33 18 11 17 31 28 24 29 52 30 16 56 35 26 42 22 
86 0 1 2 3 4 5 7 6 9 8 10 13 15 14 11 12 16 17 21 18 19 23 20 25 26 24 27 22 38 28 29 34 30 35 45 100 
87 0 1 2 3 4 5 6 7 8 9 15 12 10 11 13 16 14 21 25 20 18 17 24 27 22 31 19 38 41 23 30 26 36 49 
88 0 1 2 3 4 5 7 6 8 9 12 15 11 21 17 10 25 19 14 13 16 27 23 24 22 47 38 42 26 54 35 45 51 18 
89 0 1 2 3 4 5 7 6 11 10 8 9 13 16 15 23 14 19 17 12 35 18 27 34 21 28 24 26 71 36 39 53 22 48 72 
90 0 1 2 3 4 5 6 7 8 9 12 11 17 14 10 15 19 13 23 21 20 16 28 25 27 24 22 35 18 33 37 34 29 30 42 26 
91 0 1 2 3 5 6 4 7 8 15 17 13 12 9 11 33 34 22 35 48 20 14 38 41 55 28 18 27 60 30 16 29 10 19 25 
92 0 1 2 3 4 6 7 5 8 9 15 12 11 17 10 14 16 13 22 18 20 27 21 24 25 19 26 45 38 57 31 41 42 23 34 35 
93 0 1 2 3 4 5 7 6 8 11 12 9 15 17 10 21 18 13 20 19 14 23 16 24 27 49 25 33 26 35 39 50 30 
94 0 1 2 3 4 10 6 5 7 9 23 14 8 15 16 12 11 22 21 13 37 19 83 31 33 29 34 44 18 43 121 26 161 60 28 
95 0 1 2 3 4 5 7 6 10 8 9 15 14 16 12 11 13 26 19 25 17 24 28 20 18 21 36 38 50 29 54 37 31 65 22 
96 0 1 2 3 4 5 6 7 8 10 9 11 17 13 15 12 20 16 14 18 19 21 29 22 26 38 23 28 34 30 24 131 37 33 36 25 
97 0 1 2 4 3 6 5 7 9 8 10 12 13 11 17 15 14 16 21 20 24 22 19 18 34 26 45 27 23 25 38 54 28 100 29 
98 0 1 2 3 6 5 4 11 9 7 8 12 15 10 13 17 14 20 18 16 26 19 40 29 41 27 25 55 24 32 44 38 28 34 
99 0 1 2 3 5 4 7 6 9 15 8 10 12 14 11 19 25 16 18 13 24 20 17 21 26 29 38 39 23 27 36 28 22 33 30 
